<?xml version="1.0" encoding="UTF-8"?><testrun name="TestRunner (1)" project="PizzahutAutomation" tests="1" started="1" failures="0" errors="1" ignored="0">
  <testsuite name="stepDefs.TestRunner" time="0.004">
    <testcase name="initializationError" classname="stepDefs.TestRunner" time="0.004">
      <error>io.cucumber.core.gherkin.FeatureParserException: Failed to parse resource at: file:///C:/Users/ryada/eclipse-workspace/PizzahutAutomation/src/test/java/features/BuyProduct.feature&#13;
	at io.cucumber.core.gherkin.vintage.GherkinVintageFeatureParser.parseGherkin5(GherkinVintageFeatureParser.java:40)&#13;
	at io.cucumber.core.gherkin.vintage.GherkinVintageFeatureParser.parse(GherkinVintageFeatureParser.java:58)&#13;
	at io.cucumber.core.feature.FeatureParser.parseResource(FeatureParser.java:44)&#13;
	at java.base/java.util.function.BiFunction.lambda$andThen$0(BiFunction.java:70)&#13;
	at io.cucumber.core.resource.ResourceScanner.lambda$processResource$2(ResourceScanner.java:126)&#13;
	at io.cucumber.core.resource.PathScanner$ResourceFileVisitor.visitFile(PathScanner.java:67)&#13;
	at io.cucumber.core.resource.PathScanner$ResourceFileVisitor.visitFile(PathScanner.java:52)&#13;
	at java.base/java.nio.file.Files.walkFileTree(Files.java:2811)&#13;
	at java.base/java.nio.file.Files.walkFileTree(Files.java:2882)&#13;
	at io.cucumber.core.resource.PathScanner.findResourcesForPath(PathScanner.java:46)&#13;
	at io.cucumber.core.resource.PathScanner.findResourcesForUri(PathScanner.java:26)&#13;
	at io.cucumber.core.resource.ResourceScanner.findResourcesForUri(ResourceScanner.java:109)&#13;
	at io.cucumber.core.resource.ResourceScanner.scanForResourcesUri(ResourceScanner.java:86)&#13;
	at io.cucumber.core.runtime.FeaturePathFeatureSupplier.loadFeatures(FeaturePathFeatureSupplier.java:61)&#13;
	at io.cucumber.core.runtime.FeaturePathFeatureSupplier.get(FeaturePathFeatureSupplier.java:45)&#13;
	at io.cucumber.junit.Cucumber.&lt;init&gt;(Cucumber.java:156)&#13;
	at java.base/jdk.internal.reflect.NativeConstructorAccessorImpl.newInstance0(Native Method)&#13;
	at java.base/jdk.internal.reflect.NativeConstructorAccessorImpl.newInstance(NativeConstructorAccessorImpl.java:77)&#13;
	at java.base/jdk.internal.reflect.DelegatingConstructorAccessorImpl.newInstance(DelegatingConstructorAccessorImpl.java:45)&#13;
	at java.base/java.lang.reflect.Constructor.newInstanceWithCaller(Constructor.java:499)&#13;
	at java.base/java.lang.reflect.Constructor.newInstance(Constructor.java:480)&#13;
	at org.junit.internal.builders.AnnotatedBuilder.buildRunner(AnnotatedBuilder.java:104)&#13;
	at org.junit.internal.builders.AnnotatedBuilder.runnerForClass(AnnotatedBuilder.java:86)&#13;
	at org.junit.runners.model.RunnerBuilder.safeRunnerForClass(RunnerBuilder.java:70)&#13;
	at org.junit.internal.builders.AllDefaultPossibilitiesBuilder.runnerForClass(AllDefaultPossibilitiesBuilder.java:37)&#13;
	at org.junit.runners.model.RunnerBuilder.safeRunnerForClass(RunnerBuilder.java:70)&#13;
	at org.junit.internal.requests.ClassRequest.createRunner(ClassRequest.java:28)&#13;
	at org.junit.internal.requests.MemoizingRequest.getRunner(MemoizingRequest.java:19)&#13;
	at org.eclipse.jdt.internal.junit4.runner.JUnit4TestLoader.createUnfilteredTest(JUnit4TestLoader.java:90)&#13;
	at org.eclipse.jdt.internal.junit4.runner.JUnit4TestLoader.createTest(JUnit4TestLoader.java:76)&#13;
	at org.eclipse.jdt.internal.junit4.runner.JUnit4TestLoader.loadTests(JUnit4TestLoader.java:49)&#13;
	at org.eclipse.jdt.internal.junit.runner.RemoteTestRunner.runTests(RemoteTestRunner.java:513)&#13;
	at org.eclipse.jdt.internal.junit.runner.RemoteTestRunner.runTests(RemoteTestRunner.java:756)&#13;
	at org.eclipse.jdt.internal.junit.runner.RemoteTestRunner.run(RemoteTestRunner.java:452)&#13;
	at org.eclipse.jdt.internal.junit.runner.RemoteTestRunner.main(RemoteTestRunner.java:210)&#13;
Caused by: io.cucumber.core.gherkin.vintage.internal.gherkin.ParserException$CompositeParserException: Parser errors:
(8:5): expected: #TagLine, #ScenarioLine, #ScenarioOutlineLine, #Comment, #Empty, got 'When I enter the location as "Pune"'
(11:5): expected: #TagLine, #ScenarioLine, #ScenarioOutlineLine, #Comment, #Empty, got 'And I select the very first suggestion from the list'
(13:5): expected: #TagLine, #ScenarioLine, #ScenarioOutlineLine, #Comment, #Empty, got 'Then I should land on the Deals page'
(14:5): expected: #TagLine, #ScenarioLine, #ScenarioOutlineLine, #Comment, #Empty, got 'And I select the tab as "Pizzas"'
(15:5): expected: #TagLine, #ScenarioLine, #ScenarioOutlineLine, #Comment, #Empty, got 'And I select the pizza as "Schezwan Margherita"'
(16:5): expected: #TagLine, #ScenarioLine, #ScenarioOutlineLine, #Comment, #Empty, got 'Then I should see the pizza is added to the cart'
(17:5): expected: #TagLine, #ScenarioLine, #ScenarioOutlineLine, #Comment, #Empty, got 'And I click on the Checkout button'
(18:5): expected: #TagLine, #ScenarioLine, #ScenarioOutlineLine, #Comment, #Empty, got 'Then I should be landed on the secured checkout page'
(19:5): expected: #TagLine, #ScenarioLine, #ScenarioOutlineLine, #Comment, #Empty, got 'And I enter the personal details'
(20:7): expected: #TagLine, #ScenarioLine, #ScenarioOutlineLine, #Comment, #Empty, got '| Name   | Rajesh Sharma |'
(21:7): expected: #TagLine, #ScenarioLine, #ScenarioOutlineLine, #Comment, #Empty, got '| Mobile |     888888888 |'&#13;
	at io.cucumber.core.gherkin.vintage.internal.gherkin.Parser.addError(Parser.java:152)&#13;
	at io.cucumber.core.gherkin.vintage.internal.gherkin.Parser.matchTokenAt_11(Parser.java:1195)&#13;
	at io.cucumber.core.gherkin.vintage.internal.gherkin.Parser.matchToken(Parser.java:370)&#13;
	at io.cucumber.core.gherkin.vintage.internal.gherkin.Parser.parse(Parser.java:137)&#13;
	at io.cucumber.core.gherkin.vintage.internal.gherkin.Parser.parse(Parser.java:118)&#13;
	at io.cucumber.core.gherkin.vintage.internal.gherkin.Parser.parse(Parser.java:114)&#13;
	at io.cucumber.core.gherkin.vintage.GherkinVintageFeatureParser.parseGherkin5(GherkinVintageFeatureParser.java:29)&#13;
	... 34 more&#13;
&#13;
</error>
    </testcase>
  </testsuite>
</testrun>
