<?xml version="1.0" encoding="UTF-8"?>
<testng-results ignored="0" total="2" passed="2" failed="0" skipped="0">
  <reporter-output>
  </reporter-output>
  <suite started-at="2023-12-13T19:42:25Z" name="Default suite" finished-at="2023-12-13T19:42:31Z" duration-ms="6052">
    <groups>
    </groups>
    <test started-at="2023-12-13T19:42:25Z" name="Default test" finished-at="2023-12-13T19:42:31Z" duration-ms="6052">
      <class name="TestCases.LoginScenarios">
        <test-method is-config="true" signature="Setup()[pri:0, instance:TestCases.LoginScenarios@36b4091c]" started-at="2023-12-13T19:42:25Z" name="Setup" finished-at="2023-12-13T19:42:27Z" duration-ms="2333" status="PASS">
          <reporter-output>
          </reporter-output>
        </test-method> <!-- Setup -->
        <test-method signature="LoginFailureTest()[pri:0, instance:TestCases.LoginScenarios@36b4091c]" started-at="2023-12-13T19:42:27Z" name="LoginFailureTest" finished-at="2023-12-13T19:42:28Z" duration-ms="329" status="PASS">
          <reporter-output>
          </reporter-output>
        </test-method> <!-- LoginFailureTest -->
        <test-method is-config="true" signature="TearDown()[pri:0, instance:TestCases.LoginScenarios@36b4091c]" started-at="2023-12-13T19:42:28Z" name="TearDown" finished-at="2023-12-13T19:42:28Z" duration-ms="121" status="PASS">
          <reporter-output>
          </reporter-output>
        </test-method> <!-- TearDown -->
        <test-method is-config="true" signature="Setup()[pri:0, instance:TestCases.LoginScenarios@36b4091c]" started-at="2023-12-13T19:42:28Z" name="Setup" finished-at="2023-12-13T19:42:29Z" duration-ms="1393" status="PASS">
          <reporter-output>
          </reporter-output>
        </test-method> <!-- Setup -->
        <test-method signature="LoginSuccessTest()[pri:0, instance:TestCases.LoginScenarios@36b4091c]" started-at="2023-12-13T19:42:29Z" name="LoginSuccessTest" finished-at="2023-12-13T19:42:31Z" duration-ms="1597" status="PASS">
          <reporter-output>
          </reporter-output>
        </test-method> <!-- LoginSuccessTest -->
        <test-method is-config="true" signature="TearDown()[pri:0, instance:TestCases.LoginScenarios@36b4091c]" started-at="2023-12-13T19:42:31Z" name="TearDown" finished-at="2023-12-13T19:42:31Z" duration-ms="241" status="PASS">
          <reporter-output>
          </reporter-output>
        </test-method> <!-- TearDown -->
      </class> <!-- TestCases.LoginScenarios -->
    </test> <!-- Default test -->
  </suite> <!-- Default suite -->
</testng-results>
