<?xml version="1.0" encoding="UTF-8"?>
<!-- Generated by org.testng.reporters.JUnitXMLReporter -->
<testsuite ignored="2" hostname="LAPTOP-KUP3RSCD" failures="0" tests="2" name="Test" time="0.03" errors="0" timestamp="29 Dec 2023 15:32:44 GMT">
  <testcase classname="testng.LoanTest" name="TC00_PersonalLoanTest" time="0.006"/>
  <testcase classname="testng.LoanTest" name="TC01_HomeLoanTest" time="0.002"/>
  <testcase classname="testng.CardTest" name="TC01_Credit_CardTest" time="0.0">
    <ignored/>
  </testcase> <!-- TC01_Credit_CardTest -->
  <testcase classname="testng.LoanTest" name="TC02_CarLoanTest" time="0.0">
    <ignored/>
  </testcase> <!-- TC02_CarLoanTest -->
</testsuite> <!-- Test -->
