<?xml version="1.0" encoding="UTF-8"?>
<testng-results ignored="2" total="4" passed="2" failed="0" skipped="0">
  <reporter-output>
  </reporter-output>
  <suite started-at="2023-12-29T15:32:44Z" name="Suite" finished-at="2023-12-29T15:32:44Z" duration-ms="30">
    <groups>
      <group name="sanity">
        <method signature="LoanTest.TC00_PersonalLoanTest()[pri:0, instance:testng.LoanTest@ba54932]" name="TC00_PersonalLoanTest" class="testng.LoanTest"/>
        <method signature="LoanTest.TC01_HomeLoanTest()[pri:0, instance:testng.LoanTest@ba54932]" name="TC01_HomeLoanTest" class="testng.LoanTest"/>
      </group> <!-- sanity -->
    </groups>
    <test started-at="2023-12-29T15:32:44Z" name="Test" finished-at="2023-12-29T15:32:44Z" duration-ms="30">
      <class name="testng.LoanTest">
        <test-method signature="TC00_PersonalLoanTest()[pri:0, instance:testng.LoanTest@ba54932]" started-at="2023-12-29T15:32:44Z" name="TC00_PersonalLoanTest" finished-at="2023-12-29T15:32:44Z" duration-ms="6" status="PASS">
          <reporter-output>
          </reporter-output>
        </test-method> <!-- TC00_PersonalLoanTest -->
        <test-method signature="TC01_HomeLoanTest()[pri:0, instance:testng.LoanTest@ba54932]" started-at="2023-12-29T15:32:44Z" name="TC01_HomeLoanTest" finished-at="2023-12-29T15:32:44Z" duration-ms="2" status="PASS">
          <reporter-output>
          </reporter-output>
        </test-method> <!-- TC01_HomeLoanTest -->
      </class> <!-- testng.LoanTest -->
    </test> <!-- Test -->
  </suite> <!-- Suite -->
</testng-results>
