<?xml version="1.0" encoding="UTF-8"?>
<testng-results ignored="1" total="2" passed="1" failed="0" skipped="0">
  <reporter-output>
  </reporter-output>
  <suite started-at="2024-01-02T19:50:57Z" name="Default suite" finished-at="2024-01-02T19:51:12Z" duration-ms="14227">
    <groups>
    </groups>
    <test started-at="2024-01-02T19:50:57Z" name="Default test" finished-at="2024-01-02T19:51:12Z" duration-ms="14227">
      <class name="testcases.LoginTest">
        <test-method is-config="true" signature="SetUp()[pri:0, instance:testcases.LoginTest@5b367418]" started-at="2024-01-02T19:50:57Z" name="SetUp" finished-at="2024-01-02T19:51:00Z" duration-ms="2780" status="PASS">
          <reporter-output>
          </reporter-output>
        </test-method> <!-- SetUp -->
        <test-method signature="LoginFailiureTest()[pri:0, instance:testcases.LoginTest@5b367418]" started-at="2024-01-02T19:51:00Z" name="LoginFailiureTest" finished-at="2024-01-02T19:51:11Z" duration-ms="11198" status="PASS">
          <reporter-output>
          </reporter-output>
        </test-method> <!-- LoginFailiureTest -->
        <test-method is-config="true" signature="TearDown()[pri:0, instance:testcases.LoginTest@5b367418]" started-at="2024-01-02T19:51:11Z" name="TearDown" finished-at="2024-01-02T19:51:12Z" duration-ms="201" status="PASS">
          <reporter-output>
          </reporter-output>
        </test-method> <!-- TearDown -->
      </class> <!-- testcases.LoginTest -->
    </test> <!-- Default test -->
  </suite> <!-- Default suite -->
</testng-results>
