<?xml version="1.0" encoding="UTF-8"?>
<testng-results ignored="0" total="2" passed="2" failed="0" skipped="0">
  <reporter-output>
  </reporter-output>
  <suite started-at="2024-03-03T12:28:48Z" name="Suite" finished-at="2024-03-03T12:29:18Z" duration-ms="30060">
    <groups>
    </groups>
    <test started-at="2024-03-03T12:28:48Z" name="Test" finished-at="2024-03-03T12:29:18Z" duration-ms="30060">
      <class name="testcases.LoginTest">
        <test-method is-config="true" signature="SetUp()[pri:0, instance:testcases.LoginTest@757acd7b]" started-at="2024-03-03T12:28:48Z" name="SetUp" finished-at="2024-03-03T12:28:56Z" duration-ms="7278" status="PASS">
          <reporter-output>
          </reporter-output>
        </test-method> <!-- SetUp -->
        <test-method signature="LoginFailiureTest()[pri:0, instance:testcases.LoginTest@757acd7b]" started-at="2024-03-03T12:28:56Z" name="LoginFailiureTest" finished-at="2024-03-03T12:29:05Z" duration-ms="9555" status="PASS">
          <reporter-output>
          </reporter-output>
        </test-method> <!-- LoginFailiureTest -->
        <test-method is-config="true" signature="TearDown()[pri:0, instance:testcases.LoginTest@757acd7b]" started-at="2024-03-03T12:29:05Z" name="TearDown" finished-at="2024-03-03T12:29:05Z" duration-ms="175" status="PASS">
          <reporter-output>
          </reporter-output>
        </test-method> <!-- TearDown -->
        <test-method is-config="true" signature="SetUp()[pri:0, instance:testcases.LoginTest@757acd7b]" started-at="2024-03-03T12:29:05Z" name="SetUp" finished-at="2024-03-03T12:29:09Z" duration-ms="3118" status="PASS">
          <reporter-output>
          </reporter-output>
        </test-method> <!-- SetUp -->
        <test-method signature="LoginSuccessTest()[pri:0, instance:testcases.LoginTest@757acd7b]" started-at="2024-03-03T12:29:09Z" name="LoginSuccessTest" finished-at="2024-03-03T12:29:18Z" duration-ms="9732" status="PASS">
          <reporter-output>
          </reporter-output>
        </test-method> <!-- LoginSuccessTest -->
        <test-method is-config="true" signature="TearDown()[pri:0, instance:testcases.LoginTest@757acd7b]" started-at="2024-03-03T12:29:18Z" name="TearDown" finished-at="2024-03-03T12:29:18Z" duration-ms="165" status="PASS">
          <reporter-output>
          </reporter-output>
        </test-method> <!-- TearDown -->
      </class> <!-- testcases.LoginTest -->
    </test> <!-- Test -->
  </suite> <!-- Suite -->
</testng-results>
