<?xml version="1.0" encoding="UTF-8"?>
<!-- Generated by org.testng.reporters.JUnitXMLReporter -->
<testsuite ignored="1" hostname="LAPTOP-KUP3RSCD" failures="0" tests="1" name="Default test" time="14.227" errors="0" timestamp="02 Jan 2024 19:51:12 GMT">
  <testcase classname="testcases.LoginTest" name="LoginFailiureTest" time="11.198"/>
  <testcase classname="testcases.LoginTest" name="LoginSuccessTest" time="0.0">
    <ignored/>
  </testcase> <!-- LoginSuccessTest -->
</testsuite> <!-- Default test -->
