<?xml version="1.0" encoding="UTF-8"?>
<testng-results ignored="0" total="1" passed="1" failed="0" skipped="0">
  <reporter-output>
  </reporter-output>
  <suite started-at="2024-02-16T15:57:16Z" name="Default suite" finished-at="2024-02-16T15:57:18Z" duration-ms="1874">
    <groups>
    </groups>
    <test started-at="2024-02-16T15:57:16Z" name="Default test" finished-at="2024-02-16T15:57:18Z" duration-ms="1874">
      <class name="crud_operation.DeleteUser">
        <test-method signature="test1()[pri:0, instance:crud_operation.DeleteUser@95e33cc]" started-at="2024-02-16T15:57:16Z" name="test1" finished-at="2024-02-16T15:57:18Z" duration-ms="1849" status="PASS">
          <reporter-output>
          </reporter-output>
        </test-method> <!-- test1 -->
      </class> <!-- crud_operation.DeleteUser -->
    </test> <!-- Default test -->
  </suite> <!-- Default suite -->
</testng-results>
